Using pre-set license
Built from '2022.2/staging' branch; Version is '2022.2.4f1 (8216e0211249) revision 8525536'; Using compiler version '192829333'; Build Type 'Release'
OS: 'Windows 11  (10.0.22621) 64bit CoreSingleLanguage' Language: 'ru' Physical Memory: 11657 MB
BatchMode: 1, IsHumanControllingUs: 0, StartBugReporterOnCrash: 0, Is64bit: 1, IsPro: 1

COMMAND LINE ARGUMENTS:
C:\Program Files\Unity\Hub\Editor\2022.2.4f1\Editor\Unity.exe
-adb2
-batchMode
-noUpm
-name
AssetImportWorker0
-projectPath
C:/UnityProjects/TIKTAK
-logFile
Logs/AssetImportWorker0.log
-srvPort
61507
Successfully changed project path to: C:/UnityProjects/TIKTAK
C:/UnityProjects/TIKTAK
[UnityMemory] Configuration Parameters - Can be set up in boot.config
    "memorysetup-bucket-allocator-granularity=16"
    "memorysetup-bucket-allocator-bucket-count=8"
    "memorysetup-bucket-allocator-block-size=33554432"
    "memorysetup-bucket-allocator-block-count=8"
    "memorysetup-main-allocator-block-size=16777216"
    "memorysetup-thread-allocator-block-size=16777216"
    "memorysetup-gfx-main-allocator-block-size=16777216"
    "memorysetup-gfx-thread-allocator-block-size=16777216"
    "memorysetup-cache-allocator-block-size=4194304"
    "memorysetup-typetree-allocator-block-size=2097152"
    "memorysetup-profiler-bucket-allocator-granularity=16"
    "memorysetup-profiler-bucket-allocator-bucket-count=8"
    "memorysetup-profiler-bucket-allocator-block-size=33554432"
    "memorysetup-profiler-bucket-allocator-block-count=8"
    "memorysetup-profiler-allocator-block-size=16777216"
    "memorysetup-profiler-editor-allocator-block-size=1048576"
    "memorysetup-temp-allocator-size-main=16777216"
    "memorysetup-job-temp-allocator-block-size=2097152"
    "memorysetup-job-temp-allocator-block-size-background=1048576"
    "memorysetup-job-temp-allocator-reduction-small-platforms=262144"
    "memorysetup-temp-allocator-size-background-worker=32768"
    "memorysetup-temp-allocator-size-job-worker=262144"
    "memorysetup-temp-allocator-size-preload-manager=33554432"
    "memorysetup-temp-allocator-size-nav-mesh-worker=65536"
    "memorysetup-temp-allocator-size-audio-worker=65536"
    "memorysetup-temp-allocator-size-cloud-worker=32768"
    "memorysetup-temp-allocator-size-gi-baking-worker=262144"
    "memorysetup-temp-allocator-size-gfx=262144"
Player connection [15372] Host "[IP] 192.168.56.1 [Port] 0 [Flags] 2 [Guid] 2401024879 [EditorId] 2401024879 [Version] 1048832 [Id] WindowsEditor(7,Asus-VivoBook-Flip) [Debug] 1 [PackageName] WindowsEditor [ProjectName] Editor" joined multi-casting on [225.0.0.222:54997]...

Player connection [15372] Host "[IP] 192.168.56.1 [Port] 0 [Flags] 2 [Guid] 2401024879 [EditorId] 2401024879 [Version] 1048832 [Id] WindowsEditor(7,Asus-VivoBook-Flip) [Debug] 1 [PackageName] WindowsEditor [ProjectName] Editor" joined alternative multi-casting on [225.0.0.222:34997]...

Refreshing native plugins compatible for Editor in 7.52 ms, found 3 plugins.
Preloading 0 native plugins for Editor in 0.00 ms.
Initialize engine version: 2022.2.4f1 (8216e0211249)
[Subsystems] Discovering subsystems at path C:/Program Files/Unity/Hub/Editor/2022.2.4f1/Editor/Data/Resources/UnitySubsystems
[Subsystems] Discovering subsystems at path C:/UnityProjects/TIKTAK/Assets
GfxDevice: creating device client; threaded=0; jobified=0
Direct3D:
    Version:  Direct3D 11.0 [level 11.1]
    Renderer: AMD Radeon(TM) Graphics (ID=0x164c)
    Vendor:   ATI
    VRAM:     5828 MB
    Driver:   30.0.13026.3
Initialize mono
Mono path[0] = 'C:/Program Files/Unity/Hub/Editor/2022.2.4f1/Editor/Data/Managed'
Mono path[1] = 'C:/Program Files/Unity/Hub/Editor/2022.2.4f1/Editor/Data/MonoBleedingEdge/lib/mono/unityjit-win32'
Mono config path = 'C:/Program Files/Unity/Hub/Editor/2022.2.4f1/Editor/Data/MonoBleedingEdge/etc'
Using monoOptions --debugger-agent=transport=dt_socket,embedding=1,server=y,suspend=n,address=127.0.0.1:56832
Begin MonoManager ReloadAssembly
Registering precompiled unity dll's ...
Register platform support module: C:/Program Files/Unity/Hub/Editor/2022.2.4f1/Editor/Data/PlaybackEngines/AndroidPlayer/UnityEditor.Android.Extensions.dll
Register platform support module: C:/Program Files/Unity/Hub/Editor/2022.2.4f1/Editor/Data/PlaybackEngines/WindowsStandaloneSupport/UnityEditor.WindowsStandalone.Extensions.dll
Registered in 0.007342 seconds.
- Loaded All Assemblies, in  0.392 seconds
Native extension for WindowsStandalone target not found
Native extension for Android target not found
Android Extension - Scanning For ADB Devices 442 ms
Mono: successfully reloaded assembly
- Finished resetting the current domain, in  0.791 seconds
Domain Reload Profiling:
	ReloadAssembly (224ms)
		BeginReloadAssembly (96ms)
			ExecutionOrderSort (0ms)
			DisableScriptedObjects (0ms)
			BackupInstance (0ms)
			ReleaseScriptingObjects (0ms)
			CreateAndSetChildDomain (1ms)
		LoadAllAssembliesAndSetupDomain (0ms)
			LoadAssemblies (94ms)
			RebuildTransferFunctionScriptingTraits (0ms)
			SetupTypeCache (162ms)
				TypeCache.Initialize (161ms)
					TypeCache.ScanAssembly (159ms)
				ResolveRequiredComponents (0ms)
		FinalizeReload (0ms)
			ReleaseScriptCaches (0ms)
			RebuildScriptCaches (0ms)
			SetupLoadedEditorAssemblies (722ms)
				LogAssemblyErrors (0ms)
				InitializePlatformSupportModulesInManaged (539ms)
				SetLoadedEditorAssemblies (5ms)
				RefreshPlugins (0ms)
				BeforeProcessingInitializeOnLoad (2ms)
				ProcessInitializeOnLoadAttributes (125ms)
				ProcessInitializeOnLoadMethodAttributes (51ms)
				AfterProcessingInitializeOnLoad (0ms)
				EditorAssembliesLoaded (0ms)
			ExecutionOrderSort2 (0ms)
			AwakeInstancesAfterBackupRestoration (0ms)
========================================================================
Worker process is ready to serve import requests
Begin MonoManager ReloadAssembly
Symbol file LoadedFromMemory doesn't match image C:\UnityProjects\TIKTAK\Library\PackageCache\com.unity.visualscripting@1.8.0\Editor\VisualScripting.Core\Dependencies\YamlDotNet\Unity.VisualScripting.YamlDotNet.dll
Symbol file LoadedFromMemory doesn't match image C:\UnityProjects\TIKTAK\Library\PackageCache\com.unity.visualscripting@1.8.0\Editor\VisualScripting.Core\Dependencies\DotNetZip\Unity.VisualScripting.IonicZip.dll
- Loaded All Assemblies, in  1.124 seconds
Refreshing native plugins compatible for Editor in 2.23 ms, found 3 plugins.
Native extension for WindowsStandalone target not found
Native extension for Android target not found
Mono: successfully reloaded assembly
- Finished resetting the current domain, in  0.570 seconds
Domain Reload Profiling:
	ReloadAssembly (260ms)
		BeginReloadAssembly (147ms)
			ExecutionOrderSort (0ms)
			DisableScriptedObjects (6ms)
			BackupInstance (0ms)
			ReleaseScriptingObjects (0ms)
			CreateAndSetChildDomain (30ms)
		LoadAllAssembliesAndSetupDomain (863ms)
			LoadAssemblies (291ms)
			RebuildTransferFunctionScriptingTraits (0ms)
			SetupTypeCache (640ms)
				TypeCache.Initialize (352ms)
					TypeCache.ScanAssembly (345ms)
				ResolveRequiredComponents (4ms)
		FinalizeReload (0ms)
			ReleaseScriptCaches (0ms)
			RebuildScriptCaches (0ms)
			SetupLoadedEditorAssemblies (389ms)
				LogAssemblyErrors (0ms)
				InitializePlatformSupportModulesInManaged (21ms)
				SetLoadedEditorAssemblies (7ms)
				RefreshPlugins (0ms)
				BeforeProcessingInitializeOnLoad (58ms)
				ProcessInitializeOnLoadAttributes (276ms)
				ProcessInitializeOnLoadMethodAttributes (23ms)
				AfterProcessingInitializeOnLoad (5ms)
				EditorAssembliesLoaded (0ms)
			ExecutionOrderSort2 (0ms)
			AwakeInstancesAfterBackupRestoration (7ms)
Launched and connected shader compiler UnityShaderCompiler.exe after 0.07 seconds
Refreshing native plugins compatible for Editor in 2.62 ms, found 3 plugins.
Preloading 0 native plugins for Editor in 0.00 ms.
Unloading 3065 Unused Serialized files (Serialized files now loaded: 0)
Unloading 23 unused Assets / (66.7 KB). Loaded Objects now: 3531.
Memory consumption went from 478.5 MB to 478.4 MB.
Total: 3.851600 ms (FindLiveObjects: 0.435600 ms CreateObjectMapping: 0.096000 ms MarkObjects: 3.184500 ms  DeleteObjects: 0.133200 ms)

AssetImportParameters requested are different than current active one (requested -> active):
  custom:container-demuxer-ogg: 62fdf1f143b41e24485cea50d1cbac27 -> 
  custom:video-codec-MediaFoundation-h265: 746d11721c4dcdbdad8f713fa42b33f4 -> 
  custom:video-decoder-ogg-theora: a1e56fd34408186e4bbccfd4996cb3dc -> 
  custom:framework-win-MediaFoundation: 216162199b28c13a410421893ffa2e32 -> 
  custom:container-demuxer-webm: 4f35f7cbe854078d1ac9338744f61a02 -> 
  custom:container-muxer-webm: aa71ff27fc2769a1b78a27578f13a17b -> 
  custom:video-decoder-webm-vp8: 9c59270c3fd7afecdb556c50c9e8de78 -> 
  custom:AudioImporter_EditorPlatform: d09bf68614088b80899f8185d706f6e7 -> 
  custom:video-encoder-webm-vp8: eb34c28f22e8b96e1ab97ce403110664 -> 
  custom:audio-decoder-ogg-vorbis: bf7c407c2cedff20999df2af8eb42d56 -> 
  custom:audio-encoder-webm-vorbis: bf7c407c2cedff20999df2af8eb42d56 -> 
========================================================================
Received Import Request.
  Time since last request: 371940.433741 seconds.
  path: Assets
  artifactKey: Guid(00000000000000001000000000000000) Importer(815301076,1909f56bfc062723c751e8b465ee728b)
Number of updated assets reloaded before import = 0
Start importing Assets using Guid(00000000000000001000000000000000) Importer(815301076,1909f56bfc062723c751e8b465ee728b)  -> (artifact id: '8a4fe85251aa2e89732c359432baa2c3') in 0.001747 seconds 
Number of asset objects unloaded after import = 0
========================================================================
Received Import Request.
  Time since last request: 5.008457 seconds.
  path: Assets/objects.blend
  artifactKey: Guid(e3ff6ff430022204ab1b54e5f3bca484) Importer(815301076,1909f56bfc062723c751e8b465ee728b)
Number of updated assets reloaded before import = 0
Start importing Assets/objects.blend using Guid(e3ff6ff430022204ab1b54e5f3bca484) Importer(815301076,1909f56bfc062723c751e8b465ee728b)  -> (artifact id: '4c6fbe379a36fb1879025073a53c777a') in 0.905238 seconds 
Number of asset objects unloaded after import = 136
========================================================================
Received Import Request.
  Time since last request: 198.793553 seconds.
  path: Assets/New Terrain.asset
  artifactKey: Guid(1e685d93e660b4b4493b6b9afb27e1d0) Importer(815301076,1909f56bfc062723c751e8b465ee728b)
Number of updated assets reloaded before import = 0
Start importing Assets/New Terrain.asset using Guid(1e685d93e660b4b4493b6b9afb27e1d0) Importer(815301076,1909f56bfc062723c751e8b465ee728b)  -> (artifact id: 'b91c4019a83d5a4c3bbed8d4492efa80') in 0.019045 seconds 
Number of asset objects unloaded after import = 1
========================================================================
Received Import Request.
  Time since last request: 205.719494 seconds.
  path: Assets/tree.prefab
  artifactKey: Guid(c5a412884bb3d084e80cd59c719bd66e) Importer(815301076,1909f56bfc062723c751e8b465ee728b)
Number of updated assets reloaded before import = 0
Start importing Assets/tree.prefab using Guid(c5a412884bb3d084e80cd59c719bd66e) Importer(815301076,1909f56bfc062723c751e8b465ee728b)  -> (artifact id: '63c690746eb46ae41aa33c1a71f9f2ea') in 0.018906 seconds 
Number of asset objects unloaded after import = 147
========================================================================
Received Import Request.
  Time since last request: 74.648143 seconds.
  path: Assets/objects.blend
  artifactKey: Guid(e3ff6ff430022204ab1b54e5f3bca484) Importer(815301076,1909f56bfc062723c751e8b465ee728b)
Number of updated assets reloaded before import = 0
Start importing Assets/objects.blend using Guid(e3ff6ff430022204ab1b54e5f3bca484) Importer(815301076,1909f56bfc062723c751e8b465ee728b)  -> (artifact id: '129536ed68c29d5f9c8c269db9760523') in 0.917566 seconds 
Number of asset objects unloaded after import = 136
========================================================================
Received Import Request.
  Time since last request: 5.313325 seconds.
  path: Assets/objects.blend
  artifactKey: Guid(e3ff6ff430022204ab1b54e5f3bca484) Importer(815301076,1909f56bfc062723c751e8b465ee728b)
Number of updated assets reloaded before import = 0
Start importing Assets/objects.blend using Guid(e3ff6ff430022204ab1b54e5f3bca484) Importer(815301076,1909f56bfc062723c751e8b465ee728b)  -> (artifact id: 'a3ff48fca0f384b13b9346d460acbc74') in 0.791214 seconds 
Number of asset objects unloaded after import = 136
========================================================================
Received Import Request.
  Time since last request: 24.269105 seconds.
  path: Assets/gr_tree.prefab
  artifactKey: Guid(d129dbe61d9ee51408905e1a1b87003f) Importer(815301076,1909f56bfc062723c751e8b465ee728b)
Number of updated assets reloaded before import = 0
Start importing Assets/gr_tree.prefab using Guid(d129dbe61d9ee51408905e1a1b87003f) Importer(815301076,1909f56bfc062723c751e8b465ee728b)  -> (artifact id: '41a68f7cdd24f676d621ba44634e1a04') in 0.014744 seconds 
Number of asset objects unloaded after import = 141
========================================================================
Received Import Request.
  Time since last request: 64.737389 seconds.
  path: Assets/tree.prefab
  artifactKey: Guid(c5a412884bb3d084e80cd59c719bd66e) Importer(815301076,1909f56bfc062723c751e8b465ee728b)
Number of updated assets reloaded before import = 0
Start importing Assets/tree.prefab using Guid(c5a412884bb3d084e80cd59c719bd66e) Importer(815301076,1909f56bfc062723c751e8b465ee728b)  -> (artifact id: '80e9a09817b819a1e03d2a631f8f1bea') in 0.017338 seconds 
Number of asset objects unloaded after import = 148
========================================================================
Received Import Request.
  Time since last request: 14.822699 seconds.
  path: Assets/tree.prefab
  artifactKey: Guid(c5a412884bb3d084e80cd59c719bd66e) Importer(815301076,1909f56bfc062723c751e8b465ee728b)
Number of updated assets reloaded before import = 0
Start importing Assets/tree.prefab using Guid(c5a412884bb3d084e80cd59c719bd66e) Importer(815301076,1909f56bfc062723c751e8b465ee728b)  -> (artifact id: 'ba867443c02afd70d8f2e53c1df61c87') in 0.053939 seconds 
Number of asset objects unloaded after import = 149
========================================================================
Received Import Request.
  Time since last request: 78.968489 seconds.
  path: Assets/asdasdd.prefab
  artifactKey: Guid(a63ad6b91aae6ad4797ab322d8f74d2d) Importer(815301076,1909f56bfc062723c751e8b465ee728b)
Number of updated assets reloaded before import = 0
Start importing Assets/asdasdd.prefab using Guid(a63ad6b91aae6ad4797ab322d8f74d2d) Importer(815301076,1909f56bfc062723c751e8b465ee728b)  -> (artifact id: 'eb47db2345a3f383a14aa3c5c5d99a9d') in 0.015996 seconds 
Number of asset objects unloaded after import = 147
========================================================================
Received Import Request.
  Time since last request: 46.908596 seconds.
  path: Assets/tree.prefab
  artifactKey: Guid(c5a412884bb3d084e80cd59c719bd66e) Importer(815301076,1909f56bfc062723c751e8b465ee728b)
Number of updated assets reloaded before import = 0
Start importing Assets/tree.prefab using Guid(c5a412884bb3d084e80cd59c719bd66e) Importer(815301076,1909f56bfc062723c751e8b465ee728b)  -> (artifact id: 'ff9fdda4875287aaed811b16d390f89d') in 0.013954 seconds 
Number of asset objects unloaded after import = 148
========================================================================
Received Import Request.
  Time since last request: 14.970700 seconds.
  path: Assets/asdasdd.prefab
  artifactKey: Guid(a63ad6b91aae6ad4797ab322d8f74d2d) Importer(815301076,1909f56bfc062723c751e8b465ee728b)
Number of updated assets reloaded before import = 0
Start importing Assets/asdasdd.prefab using Guid(a63ad6b91aae6ad4797ab322d8f74d2d) Importer(815301076,1909f56bfc062723c751e8b465ee728b)  -> (artifact id: 'c128d8cb45819a3eb9366b5251349405') in 0.018509 seconds 
Number of asset objects unloaded after import = 143
========================================================================
Received Import Request.
  Time since last request: 10.982817 seconds.
  path: Assets/asdasdd.prefab
  artifactKey: Guid(a63ad6b91aae6ad4797ab322d8f74d2d) Importer(815301076,1909f56bfc062723c751e8b465ee728b)
Number of updated assets reloaded before import = 0
Start importing Assets/asdasdd.prefab using Guid(a63ad6b91aae6ad4797ab322d8f74d2d) Importer(815301076,1909f56bfc062723c751e8b465ee728b)  -> (artifact id: '9651394fde0fe198b29a93332c34584d') in 0.015605 seconds 
Number of asset objects unloaded after import = 149
========================================================================
Received Import Request.
  Time since last request: 30.163643 seconds.
  path: Assets/РџР»РѕСЃРєРѕСЃС‚СЊ.003.prefab
  artifactKey: Guid(049b5642c6f7eca408c88dd7eb5c64f4) Importer(815301076,1909f56bfc062723c751e8b465ee728b)
Number of updated assets reloaded before import = 0
Start importing Assets/РџР»РѕСЃРєРѕСЃС‚СЊ.003.prefab using Guid(049b5642c6f7eca408c88dd7eb5c64f4) Importer(815301076,1909f56bfc062723c751e8b465ee728b)  -> (artifact id: '23b598b650b3712c903819ea5f786145') in 0.015468 seconds 
Number of asset objects unloaded after import = 141
========================================================================
Received Import Request.
  Time since last request: 25.344340 seconds.
  path: Assets/РџР»РѕСЃРєРѕСЃС‚СЊ.003.prefab
  artifactKey: Guid(049b5642c6f7eca408c88dd7eb5c64f4) Importer(815301076,1909f56bfc062723c751e8b465ee728b)
Number of updated assets reloaded before import = 0
Start importing Assets/РџР»РѕСЃРєРѕСЃС‚СЊ.003.prefab using Guid(049b5642c6f7eca408c88dd7eb5c64f4) Importer(815301076,1909f56bfc062723c751e8b465ee728b)  -> (artifact id: '987b123965e806b456eddbeb9d473d40') in 0.014720 seconds 
Number of asset objects unloaded after import = 141
========================================================================
Received Import Request.
  Time since last request: 11.957104 seconds.
  path: Assets/РџР»РѕСЃРєРѕСЃС‚СЊ.003.prefab
  artifactKey: Guid(049b5642c6f7eca408c88dd7eb5c64f4) Importer(815301076,1909f56bfc062723c751e8b465ee728b)
Number of updated assets reloaded before import = 0
Start importing Assets/РџР»РѕСЃРєРѕСЃС‚СЊ.003.prefab using Guid(049b5642c6f7eca408c88dd7eb5c64f4) Importer(815301076,1909f56bfc062723c751e8b465ee728b)  -> (artifact id: 'baa725158c74a85124d038a6120518e0') in 0.021684 seconds 
Number of asset objects unloaded after import = 141
========================================================================
Received Import Request.
  Time since last request: 2.393525 seconds.
  path: Assets/РџР»РѕСЃРєРѕСЃС‚СЊ.003.prefab
  artifactKey: Guid(049b5642c6f7eca408c88dd7eb5c64f4) Importer(815301076,1909f56bfc062723c751e8b465ee728b)
Number of updated assets reloaded before import = 0
Start importing Assets/РџР»РѕСЃРєРѕСЃС‚СЊ.003.prefab using Guid(049b5642c6f7eca408c88dd7eb5c64f4) Importer(815301076,1909f56bfc062723c751e8b465ee728b)  -> (artifact id: 'd5bec7e515c610b12a59bf23c8b95cb7') in 0.017263 seconds 
Number of asset objects unloaded after import = 141
========================================================================
Received Import Request.
  Time since last request: 35.570718 seconds.
  path: Assets/РџР»РѕСЃРєРѕСЃС‚СЊ.003.prefab
  artifactKey: Guid(049b5642c6f7eca408c88dd7eb5c64f4) Importer(815301076,1909f56bfc062723c751e8b465ee728b)
Number of updated assets reloaded before import = 0
Start importing Assets/РџР»РѕСЃРєРѕСЃС‚СЊ.003.prefab using Guid(049b5642c6f7eca408c88dd7eb5c64f4) Importer(815301076,1909f56bfc062723c751e8b465ee728b)  -> (artifact id: 'dfdda3013342a458cabd0da7a0c609ef') in 0.015900 seconds 
Number of asset objects unloaded after import = 141
========================================================================
Received Import Request.
  Time since last request: 4.227240 seconds.
  path: Assets/РџР»РѕСЃРєРѕСЃС‚СЊ.003.prefab
  artifactKey: Guid(049b5642c6f7eca408c88dd7eb5c64f4) Importer(815301076,1909f56bfc062723c751e8b465ee728b)
Number of updated assets reloaded before import = 0
Start importing Assets/РџР»РѕСЃРєРѕСЃС‚СЊ.003.prefab using Guid(049b5642c6f7eca408c88dd7eb5c64f4) Importer(815301076,1909f56bfc062723c751e8b465ee728b)  -> (artifact id: '84c7e52d87c811afd62aed99881e5d08') in 0.012669 seconds 
Number of asset objects unloaded after import = 141
========================================================================
Received Import Request.
  Time since last request: 46.703088 seconds.
  path: Assets/New Terrain.asset
  artifactKey: Guid(1e685d93e660b4b4493b6b9afb27e1d0) Importer(815301076,1909f56bfc062723c751e8b465ee728b)
Number of updated assets reloaded before import = 0
Start importing Assets/New Terrain.asset using Guid(1e685d93e660b4b4493b6b9afb27e1d0) Importer(815301076,1909f56bfc062723c751e8b465ee728b) The tree РџР»РѕСЃРєРѕСЃС‚СЊ.003 must use the Nature/Soft Occlusion shader. Otherwise billboarding/lighting will not work correctly.
 -> (artifact id: '11bc7e0e4f86582124c2454db22bca50') in 0.008964 seconds 
Number of asset objects unloaded after import = 8
========================================================================
Received Import Request.
  Time since last request: 135.967792 seconds.
  path: Assets/objects(1).blend
  artifactKey: Guid(104e527644914de488be3c5956c62c95) Importer(815301076,1909f56bfc062723c751e8b465ee728b)
Number of updated assets reloaded before import = 0
Start importing Assets/objects(1).blend using Guid(104e527644914de488be3c5956c62c95) Importer(815301076,1909f56bfc062723c751e8b465ee728b)  -> (artifact id: '8f0f4fa088d98cec4f068521c04a574f') in 0.623678 seconds 
Number of asset objects unloaded after import = 116
========================================================================
Received Import Request.
  Time since last request: 125.452197 seconds.
  path: Assets/objects(2).blend
  artifactKey: Guid(7de045326fa82f340bcb593972e8eede) Importer(815301076,1909f56bfc062723c751e8b465ee728b)
Number of updated assets reloaded before import = 0
Start importing Assets/objects(2).blend using Guid(7de045326fa82f340bcb593972e8eede) Importer(815301076,1909f56bfc062723c751e8b465ee728b)  -> (artifact id: 'f1972981c334d62dcacd95ea0947183d') in 0.484034 seconds 
Number of asset objects unloaded after import = 116
========================================================================
Received Import Request.
  Time since last request: 335.527113 seconds.
  path: Assets/gr_tree.prefab
  artifactKey: Guid(d129dbe61d9ee51408905e1a1b87003f) Importer(815301076,1909f56bfc062723c751e8b465ee728b)
Number of updated assets reloaded before import = 0
Start importing Assets/gr_tree.prefab using Guid(d129dbe61d9ee51408905e1a1b87003f) Importer(815301076,1909f56bfc062723c751e8b465ee728b)  -> (artifact id: '39f87a6e377fd45fc47fb98c8b71fe48') in 0.022982 seconds 
Number of asset objects unloaded after import = 141
========================================================================
Received Import Request.
  Time since last request: 0.000035 seconds.
  path: Assets/tree.prefab
  artifactKey: Guid(c5a412884bb3d084e80cd59c719bd66e) Importer(815301076,1909f56bfc062723c751e8b465ee728b)
Number of updated assets reloaded before import = 0
Start importing Assets/tree.prefab using Guid(c5a412884bb3d084e80cd59c719bd66e) Importer(815301076,1909f56bfc062723c751e8b465ee728b)  -> (artifact id: '5251d0dee46ab19025ac480d0c95d49e') in 0.023404 seconds 
Number of asset objects unloaded after import = 147
========================================================================
Received Import Request.
  Time since last request: 0.000030 seconds.
  path: Assets/РџР»РѕСЃРєРѕСЃС‚СЊ.003.prefab
  artifactKey: Guid(049b5642c6f7eca408c88dd7eb5c64f4) Importer(815301076,1909f56bfc062723c751e8b465ee728b)
Number of updated assets reloaded before import = 0
Start importing Assets/РџР»РѕСЃРєРѕСЃС‚СЊ.003.prefab using Guid(049b5642c6f7eca408c88dd7eb5c64f4) Importer(815301076,1909f56bfc062723c751e8b465ee728b)  -> (artifact id: '55db49ea2391426e3977157401e0b13f') in 0.031778 seconds 
Number of asset objects unloaded after import = 141
========================================================================
Received Import Request.
  Time since last request: 4.781257 seconds.
  path: Assets/РџР»РѕСЃРєРѕСЃС‚СЊ.003.prefab
  artifactKey: Guid(049b5642c6f7eca408c88dd7eb5c64f4) Importer(815301076,1909f56bfc062723c751e8b465ee728b)
Number of updated assets reloaded before import = 0
Start importing Assets/РџР»РѕСЃРєРѕСЃС‚СЊ.003.prefab using Guid(049b5642c6f7eca408c88dd7eb5c64f4) Importer(815301076,1909f56bfc062723c751e8b465ee728b)  -> (artifact id: '06ed5dba3a19166c6f2c715e322dbdd0') in 0.012863 seconds 
Number of asset objects unloaded after import = 141
========================================================================
Received Import Request.
  Time since last request: 579.474731 seconds.
  path: Assets/gr_tree.prefab
  artifactKey: Guid(d129dbe61d9ee51408905e1a1b87003f) Importer(815301076,1909f56bfc062723c751e8b465ee728b)
Number of updated assets reloaded before import = 0
Start importing Assets/gr_tree.prefab using Guid(d129dbe61d9ee51408905e1a1b87003f) Importer(815301076,1909f56bfc062723c751e8b465ee728b)  -> (artifact id: '267034afd700dfeac87931e86feb64a3') in 0.025349 seconds 
Number of asset objects unloaded after import = 140
========================================================================
Received Import Request.
  Time since last request: 0.000042 seconds.
  path: Assets/tree.prefab
  artifactKey: Guid(c5a412884bb3d084e80cd59c719bd66e) Importer(815301076,1909f56bfc062723c751e8b465ee728b)
Number of updated assets reloaded before import = 0
Start importing Assets/tree.prefab using Guid(c5a412884bb3d084e80cd59c719bd66e) Importer(815301076,1909f56bfc062723c751e8b465ee728b)  -> (artifact id: '3dd106063c0d82aede75049b6328cfcd') in 0.018721 seconds 
Number of asset objects unloaded after import = 146
========================================================================
Received Import Request.
  Time since last request: 313.351373 seconds.
  path: Assets/РџР»РѕСЃРєРѕСЃС‚СЊ.001.prefab
  artifactKey: Guid(a94d00692ded4674fb198288c36d3e8a) Importer(815301076,1909f56bfc062723c751e8b465ee728b)
Number of updated assets reloaded before import = 0
Start importing Assets/РџР»РѕСЃРєРѕСЃС‚СЊ.001.prefab using Guid(a94d00692ded4674fb198288c36d3e8a) Importer(815301076,1909f56bfc062723c751e8b465ee728b)  -> (artifact id: 'ee8c7d49c21414b4468cf9e5c4e8add8') in 0.018031 seconds 
Number of asset objects unloaded after import = 141
========================================================================
Received Import Request.
  Time since last request: 7.161391 seconds.
  path: Assets/objects.blend1
  artifactKey: Guid(ea66d8cb9d88acd409793086ffec40d3) Importer(815301076,1909f56bfc062723c751e8b465ee728b)
Number of updated assets reloaded before import = 0
Start importing Assets/objects.blend1 using Guid(ea66d8cb9d88acd409793086ffec40d3) Importer(815301076,1909f56bfc062723c751e8b465ee728b)  -> (artifact id: '6e0e5dc1e64f6efded319616ba7bb6bf') in 0.001350 seconds 
Number of asset objects unloaded after import = 1
========================================================================
Received Import Request.
  Time since last request: 41.684642 seconds.
  path: Assets/tree 1.prefab
  artifactKey: Guid(5b68ffe2f82a00c4bb9cdc26714a2856) Importer(815301076,1909f56bfc062723c751e8b465ee728b)
Number of updated assets reloaded before import = 0
Start importing Assets/tree 1.prefab using Guid(5b68ffe2f82a00c4bb9cdc26714a2856) Importer(815301076,1909f56bfc062723c751e8b465ee728b)  -> (artifact id: '0194c29f243b0925a4bc0eea64b5c6ca') in 0.015434 seconds 
Number of asset objects unloaded after import = 123
========================================================================
Received Import Request.
  Time since last request: 150.482064 seconds.
  path: Assets/gr_tree.prefab
  artifactKey: Guid(d129dbe61d9ee51408905e1a1b87003f) Importer(2089858483,0ecaa5967403d082aa24f35e1b516d23)
Number of updated assets reloaded before import = 0
Start importing Assets/gr_tree.prefab using Guid(d129dbe61d9ee51408905e1a1b87003f) Importer(2089858483,0ecaa5967403d082aa24f35e1b516d23) Generated GUIDs only implemented for interfaces!
 -> (artifact id: '1d03fbbe2187c03e3150c5c8d71e7560') in 0.145056 seconds 
Number of asset objects unloaded after import = 7
========================================================================
Received Import Request.
  Time since last request: 0.000081 seconds.
  path: Assets/РџР»РѕСЃРєРѕСЃС‚СЊ.003.prefab
  artifactKey: Guid(049b5642c6f7eca408c88dd7eb5c64f4) Importer(2089858483,0ecaa5967403d082aa24f35e1b516d23)
Number of updated assets reloaded before import = 0
Start importing Assets/РџР»РѕСЃРєРѕСЃС‚СЊ.003.prefab using Guid(049b5642c6f7eca408c88dd7eb5c64f4) Importer(2089858483,0ecaa5967403d082aa24f35e1b516d23) Generated GUIDs only implemented for interfaces!
 -> (artifact id: 'bb45403b0c504be08e3b3b56024776d6') in 0.019451 seconds 
Number of asset objects unloaded after import = 7
========================================================================
Received Import Request.
  Time since last request: 0.000071 seconds.
  path: Assets/objects.blend
  artifactKey: Guid(e3ff6ff430022204ab1b54e5f3bca484) Importer(2089858483,0ecaa5967403d082aa24f35e1b516d23)
Number of updated assets reloaded before import = 0
Start importing Assets/objects.blend using Guid(e3ff6ff430022204ab1b54e5f3bca484) Importer(2089858483,0ecaa5967403d082aa24f35e1b516d23) Generated GUIDs only implemented for interfaces!
 -> (artifact id: 'd0296727d4480263935e49721b9dd9d0') in 0.120851 seconds 
Number of asset objects unloaded after import = 136
========================================================================
Received Prepare
Refreshing native plugins compatible for Editor in 2.23 ms, found 3 plugins.
Preloading 0 native plugins for Editor in 0.00 ms.
Unloading 1 Unused Serialized files (Serialized files now loaded: 0)
Unloading 2 unused Assets / (402.0 KB). Loaded Objects now: 3579.
Memory consumption went from 68.6 MB to 68.2 MB.
Total: 17.794700 ms (FindLiveObjects: 0.424700 ms CreateObjectMapping: 0.288900 ms MarkObjects: 16.702800 ms  DeleteObjects: 0.376600 ms)

AssetImportParameters requested are different than current active one (requested -> active):
  custom:container-demuxer-ogg: 62fdf1f143b41e24485cea50d1cbac27 -> 
  custom:video-codec-MediaFoundation-h265: 746d11721c4dcdbdad8f713fa42b33f4 -> 
  custom:video-decoder-ogg-theora: a1e56fd34408186e4bbccfd4996cb3dc -> 
  custom:framework-win-MediaFoundation: 216162199b28c13a410421893ffa2e32 -> 
  custom:container-demuxer-webm: 4f35f7cbe854078d1ac9338744f61a02 -> 
  custom:container-muxer-webm: aa71ff27fc2769a1b78a27578f13a17b -> 
  custom:video-decoder-webm-vp8: 9c59270c3fd7afecdb556c50c9e8de78 -> 
  custom:SearchIndexIgnoredProperties: e643bd26f0fe6173181afceb89e7c659 -> 
  custom:AudioImporter_EditorPlatform: d09bf68614088b80899f8185d706f6e7 -> 
  custom:video-encoder-webm-vp8: eb34c28f22e8b96e1ab97ce403110664 -> 
  custom:audio-decoder-ogg-vorbis: bf7c407c2cedff20999df2af8eb42d56 -> 
  custom:audio-encoder-webm-vorbis: bf7c407c2cedff20999df2af8eb42d56 -> 
========================================================================
Received Prepare
Begin MonoManager ReloadAssembly
Symbol file LoadedFromMemory doesn't match image C:\UnityProjects\TIKTAK\Library\PackageCache\com.unity.visualscripting@1.8.0\Editor\VisualScripting.Core\Dependencies\YamlDotNet\Unity.VisualScripting.YamlDotNet.dll
Symbol file LoadedFromMemory doesn't match image C:\UnityProjects\TIKTAK\Library\PackageCache\com.unity.visualscripting@1.8.0\Editor\VisualScripting.Core\Dependencies\DotNetZip\Unity.VisualScripting.IonicZip.dll
- Loaded All Assemblies, in  3.759 seconds
Refreshing native plugins compatible for Editor in 3.75 ms, found 3 plugins.
Native extension for WindowsStandalone target not found
Native extension for Android target not found
Mono: successfully reloaded assembly
- Finished resetting the current domain, in  1.290 seconds
Domain Reload Profiling:
	ReloadAssembly (888ms)
		BeginReloadAssembly (579ms)
			ExecutionOrderSort (0ms)
			DisableScriptedObjects (15ms)
			BackupInstance (0ms)
			ReleaseScriptingObjects (0ms)
			CreateAndSetChildDomain (220ms)
		LoadAllAssembliesAndSetupDomain (2866ms)
			LoadAssemblies (1274ms)
			RebuildTransferFunctionScriptingTraits (0ms)
			SetupTypeCache (1830ms)
				TypeCache.Initialize (1083ms)
					TypeCache.ScanAssembly (1052ms)
				ResolveRequiredComponents (5ms)
		FinalizeReload (0ms)
			ReleaseScriptCaches (0ms)
			RebuildScriptCaches (0ms)
			SetupLoadedEditorAssemblies (560ms)
				LogAssemblyErrors (0ms)
				InitializePlatformSupportModulesInManaged (37ms)
				SetLoadedEditorAssemblies (10ms)
				RefreshPlugins (0ms)
				BeforeProcessingInitializeOnLoad (93ms)
				ProcessInitializeOnLoadAttributes (370ms)
				ProcessInitializeOnLoadMethodAttributes (42ms)
				AfterProcessingInitializeOnLoad (8ms)
				EditorAssembliesLoaded (0ms)
			ExecutionOrderSort2 (0ms)
			AwakeInstancesAfterBackupRestoration (10ms)
Refreshing native plugins compatible for Editor in 6.27 ms, found 3 plugins.
Preloading 0 native plugins for Editor in 0.00 ms.
Unloading 3059 Unused Serialized files (Serialized files now loaded: 0)
Unloading 17 unused Assets / (32.5 KB). Loaded Objects now: 3581.
Memory consumption went from 483.7 MB to 483.7 MB.
Total: 5.905500 ms (FindLiveObjects: 0.567400 ms CreateObjectMapping: 0.128700 ms MarkObjects: 5.135400 ms  DeleteObjects: 0.071100 ms)

AssetImportParameters requested are different than current active one (requested -> active):
  custom:container-demuxer-ogg: 62fdf1f143b41e24485cea50d1cbac27 -> 
  custom:video-codec-MediaFoundation-h265: 746d11721c4dcdbdad8f713fa42b33f4 -> 
  custom:video-decoder-ogg-theora: a1e56fd34408186e4bbccfd4996cb3dc -> 
  custom:framework-win-MediaFoundation: 216162199b28c13a410421893ffa2e32 -> 
  custom:container-demuxer-webm: 4f35f7cbe854078d1ac9338744f61a02 -> 
  custom:container-muxer-webm: aa71ff27fc2769a1b78a27578f13a17b -> 
  custom:video-decoder-webm-vp8: 9c59270c3fd7afecdb556c50c9e8de78 -> 
  custom:SearchIndexIgnoredProperties: e643bd26f0fe6173181afceb89e7c659 -> 
  custom:AudioImporter_EditorPlatform: d09bf68614088b80899f8185d706f6e7 -> 
  custom:video-encoder-webm-vp8: eb34c28f22e8b96e1ab97ce403110664 -> 
  custom:audio-decoder-ogg-vorbis: bf7c407c2cedff20999df2af8eb42d56 -> 
  custom:audio-encoder-webm-vorbis: bf7c407c2cedff20999df2af8eb42d56 -> 
Editor requested this worker to shutdown with reason: Scaling down because of idle timeout
TcpMessagingSession - receive error: operation aborted. errorcode: 995, details: Операция ввода/вывода была прервана из-за завершения потока команд или по запросу приложения.
AssetImportWorker is now disconnected from the server
Process exiting
Exiting without the bug reporter. Application will terminate with return code 0